2024-01-29 00:19:52 Loading main app package /usr/lib/obsidian/obsidian.asar
2024-01-29 00:19:52 Checking for update using Github
2024-01-29 00:19:52 Success.
2024-01-29 00:19:52 Latest version is 1.5.3
2024-01-29 00:19:52 App is up to date.
2024-01-29 00:23:45 Loading main app package /usr/lib/obsidian/obsidian.asar
2024-01-29 00:23:45 Checking for update using Github
2024-01-29 00:23:45 Success.
2024-01-29 00:23:45 Latest version is 1.5.3
2024-01-29 00:23:45 App is up to date.
2024-01-30 13:29:36 Loading main app package /usr/lib/obsidian/obsidian.asar
2024-01-30 13:29:36 Checking for update using Github
2024-01-30 13:29:36 Success.
2024-01-30 13:29:36 Latest version is 1.5.3
2024-01-30 13:29:36 App is up to date.
2024-01-30 14:29:36 Checking for update using Github
2024-01-30 14:29:36 Success.
2024-01-30 14:29:36 Latest version is 1.5.3
2024-01-30 14:29:36 App is up to date.
2024-02-01 13:00:29 Loading main app package /usr/lib/obsidian/obsidian.asar
2024-02-01 13:00:29 Checking for update using Github
2024-02-01 13:00:29 Success.
2024-02-01 13:00:29 Latest version is 1.5.3
2024-02-01 13:00:29 App is up to date.
2024-02-01 14:06:28 Loading main app package /usr/lib/obsidian/obsidian.asar
2024-02-01 14:06:28 Checking for update using Github
2024-02-01 14:06:29 Success.
2024-02-01 14:06:29 Latest version is 1.5.3
2024-02-01 14:06:29 App is up to date.
2024-02-02 09:04:03 Loading main app package /usr/lib/obsidian/obsidian.asar
2024-02-02 09:04:03 Checking for update using Github
2024-02-02 09:04:03 Success.
2024-02-02 09:04:03 Latest version is 1.5.3
2024-02-02 09:04:03 App is up to date.
2024-02-02 10:04:03 Checking for update using Github
2024-02-02 10:04:03 Success.
2024-02-02 10:04:03 Latest version is 1.5.3
2024-02-02 10:04:03 App is up to date.
2024-02-02 11:07:31 Loading main app package /usr/lib/obsidian/obsidian.asar
2024-02-02 11:07:32 Checking for update using Github
2024-02-02 11:07:32 Success.
2024-02-02 11:07:32 Latest version is 1.5.3
2024-02-02 11:07:32 App is up to date.
2024-02-08 13:40:57 Loading main app package /usr/lib/obsidian/obsidian.asar
2024-02-08 13:40:57 Checking for update using Github
2024-02-08 13:40:57 Success.
2024-02-08 13:40:57 Latest version is 1.5.3
2024-02-08 13:40:57 App is up to date.
2024-02-08 16:58:05 Loading main app package /usr/lib/obsidian/obsidian.asar
2024-02-08 16:58:06 Checking for update using Github
2024-02-08 16:58:06 Success.
2024-02-08 16:58:06 Latest version is 1.5.3
2024-02-08 16:58:06 App is up to date.
2024-02-13 13:05:12 Loading main app package /usr/lib/obsidian/obsidian.asar
2024-02-13 13:05:12 Checking for update using Github
2024-02-13 13:05:13 Success.
2024-02-13 13:05:13 Latest version is 1.5.3
2024-02-13 13:05:13 App is up to date.
2024-02-13 14:05:12 Checking for update using Github
2024-02-13 14:05:12 Success.
2024-02-13 14:05:12 Latest version is 1.5.3
2024-02-13 14:05:12 App is up to date.
2024-03-01 09:03:01 Loading main app package /usr/lib/obsidian/obsidian.asar
2024-03-01 09:03:02 Checking for update using Github
2024-03-01 09:03:02 Success.
2024-03-01 09:03:02 Latest version is 1.5.8
2024-03-01 09:03:02 Downloading update from https://github.com/obsidianmd/obsidian-releases/releases/download/v1.5.8/obsidian-1.5.8.asar.gz
2024-03-01 09:03:07 Verifying hash & signature. Size= 8652806
2024-03-01 09:03:07 Saving file
2024-03-01 09:03:07 Update complete.
2024-03-01 09:04:23 Loading updated app package /home/davinceyr/.config/obsidian/obsidian-1.5.8.asar
2024-03-01 09:04:23 Checking for update using Github
2024-03-01 09:04:23 Success.
2024-03-01 09:04:23 Latest version is 1.5.8
2024-03-01 09:04:23 App is up to date.
2024-03-03 16:34:04 Loading main app package /usr/lib/obsidian/obsidian.asar
2024-03-03 16:34:04 Checking for update using Github
2024-03-03 16:34:04 Success.
2024-03-03 16:34:04 Latest version is 1.5.8
2024-03-03 16:34:04 App is up to date.
2024-03-03 17:34:04 Checking for update using Github
2024-03-03 17:34:04 Success.
2024-03-03 17:34:04 Latest version is 1.5.8
2024-03-03 17:34:04 App is up to date.
2024-03-03 18:34:04 Checking for update using Github
2024-03-03 18:34:04 Success.
2024-03-03 18:34:04 Latest version is 1.5.8
2024-03-03 18:34:04 App is up to date.
2024-03-04 16:15:44 Loading main app package /usr/lib/obsidian/obsidian.asar
2024-03-04 16:15:44 Checking for update using Github
2024-03-04 16:15:44 Success.
2024-03-04 16:15:44 Latest version is 1.5.8
2024-03-04 16:15:44 App is up to date.
2024-03-06 17:25:04 Loading main app package /usr/lib/obsidian/obsidian.asar
2024-03-06 17:25:04 Checking for update using Github
2024-03-06 17:25:05 Success.
2024-03-06 17:25:05 Latest version is 1.5.8
2024-03-06 17:25:05 App is up to date.
2024-03-06 18:25:04 Checking for update using Github
2024-03-06 18:25:04 Success.
2024-03-06 18:25:04 Latest version is 1.5.8
2024-03-06 18:25:04 App is up to date.
2024-03-06 19:25:04 Checking for update using Github
2024-03-06 19:25:05 Success.
2024-03-06 19:25:05 Latest version is 1.5.8
2024-03-06 19:25:05 App is up to date.
2024-03-06 20:25:04 Checking for update using Github
2024-03-06 20:25:05 Success.
2024-03-06 20:25:05 Latest version is 1.5.8
2024-03-06 20:25:05 App is up to date.
2024-03-06 21:25:05 Checking for update using Github
2024-03-06 21:25:05 Success.
2024-03-06 21:25:05 Latest version is 1.5.8
2024-03-06 21:25:05 App is up to date.
2024-03-06 22:25:05 Checking for update using Github
2024-03-06 22:25:05 Success.
2024-03-06 22:25:05 Latest version is 1.5.8
2024-03-06 22:25:05 App is up to date.
2024-03-08 19:06:02 Loading main app package /usr/lib/obsidian/obsidian.asar
2024-03-08 19:06:02 Checking for update using Github
2024-03-08 19:06:02 Success.
2024-03-08 19:06:02 Latest version is 1.5.8
2024-03-08 19:06:02 App is up to date.
2024-03-08 20:06:02 Checking for update using Github
2024-03-08 20:06:02 Success.
2024-03-08 20:06:02 Latest version is 1.5.8
2024-03-08 20:06:02 App is up to date.
2024-03-08 21:06:02 Checking for update using Github
2024-03-08 21:06:02 Success.
2024-03-08 21:06:02 Latest version is 1.5.8
2024-03-08 21:06:02 App is up to date.
2024-03-08 22:06:02 Checking for update using Github
2024-03-08 22:06:02 Success.
2024-03-08 22:06:02 Latest version is 1.5.8
2024-03-08 22:06:02 App is up to date.
2024-03-09 17:41:43 Loading main app package /usr/lib/obsidian/obsidian.asar
2024-03-09 17:41:44 Checking for update using Github
2024-03-09 17:41:44 Success.
2024-03-09 17:41:44 Latest version is 1.5.8
2024-03-09 17:41:44 App is up to date.
2024-03-10 13:47:41 Loading main app package /usr/lib/obsidian/obsidian.asar
2024-03-10 13:47:42 Checking for update using Github
2024-03-10 13:47:42 Success.
2024-03-10 13:47:42 Latest version is 1.5.8
2024-03-10 13:47:42 App is up to date.
2024-03-13 17:19:51 Loading main app package /usr/lib/obsidian/obsidian.asar
2024-03-13 17:19:52 Checking for update using Github
2024-03-13 17:19:53 Success.
2024-03-13 17:19:53 Latest version is 1.5.8
2024-03-13 17:19:53 App is up to date.
2024-03-13 17:21:08 Loading main app package /usr/lib/obsidian/obsidian.asar
2024-03-13 17:21:09 Checking for update using Github
2024-03-13 17:21:09 Success.
2024-03-13 17:21:09 Latest version is 1.5.8
2024-03-13 17:21:09 App is up to date.
2024-03-13 17:24:57 Loading main app package /usr/lib/obsidian/obsidian.asar
2024-03-13 17:24:57 Checking for update using Github
2024-03-13 17:24:57 Success.
2024-03-13 17:24:57 Latest version is 1.5.8
2024-03-13 17:24:57 App is up to date.
2024-03-13 18:24:58 Checking for update using Github
2024-03-13 18:24:58 Success.
2024-03-13 18:24:58 Latest version is 1.5.8
2024-03-13 18:24:58 App is up to date.
2024-03-22 09:05:03 Loading main app package /usr/lib/obsidian/obsidian.asar
2024-03-22 09:05:03 Checking for update using Github
2024-03-22 09:05:04 Success.
2024-03-22 09:05:04 Latest version is 1.5.11
2024-03-22 09:05:04 Downloading update from https://github.com/obsidianmd/obsidian-releases/releases/download/v1.5.11/obsidian-1.5.11.asar.gz
2024-03-22 09:05:05 Verifying hash & signature. Size= 8781777
2024-03-22 09:05:05 Saving file
2024-03-22 09:05:06 Update complete.
2024-03-22 09:06:58 Loading updated app package /home/davinceyr/.config/obsidian/obsidian-1.5.11.asar
2024-03-22 09:06:59 Checking for update using Github
2024-03-22 09:06:59 Success.
2024-03-22 09:06:59 Latest version is 1.5.11
2024-03-22 09:06:59 App is up to date.
2024-03-22 09:20:03 Loading updated app package /home/davinceyr/.config/obsidian/obsidian-1.5.11.asar
2024-03-22 09:20:03 Checking for update using Github
2024-03-22 09:20:03 Success.
2024-03-22 09:20:03 Latest version is 1.5.11
2024-03-22 09:20:03 App is up to date.
2024-03-30 18:09:06 Loading main app package /usr/lib/obsidian/obsidian.asar
2024-03-30 18:09:06 Checking for update using Github
2024-03-30 18:09:06 Success.
2024-03-30 18:09:06 Latest version is 1.5.11
2024-03-30 18:09:06 App is up to date.
2024-03-30 18:09:41 Loading main app package /usr/lib/obsidian/obsidian.asar
2024-03-30 18:09:42 Checking for update using Github
2024-03-30 18:09:42 Success.
2024-03-30 18:09:42 Latest version is 1.5.11
2024-03-30 18:09:42 App is up to date.
2024-03-30 19:09:42 Checking for update using Github
2024-03-30 19:09:42 Success.
2024-03-30 19:09:42 Latest version is 1.5.11
2024-03-30 19:09:42 App is up to date.
2024-03-31 15:31:30 Loading main app package /usr/lib/obsidian/obsidian.asar
2024-03-31 15:31:31 Checking for update using Github
2024-03-31 15:31:31 Success.
2024-03-31 15:31:31 Latest version is 1.5.11
2024-03-31 15:31:31 App is up to date.
2024-03-31 16:31:30 Checking for update using Github
2024-03-31 16:31:31 Success.
2024-03-31 16:31:31 Latest version is 1.5.11
2024-03-31 16:31:31 App is up to date.
2024-03-31 17:31:30 Checking for update using Github
2024-03-31 17:31:31 Success.
2024-03-31 17:31:31 Latest version is 1.5.11
2024-03-31 17:31:31 App is up to date.
2024-04-01 15:28:48 Loading main app package /usr/lib/obsidian/obsidian.asar
2024-04-01 15:28:49 Checking for update using Github
2024-04-01 15:28:49 Success.
2024-04-01 15:28:49 Latest version is 1.5.12
2024-04-01 15:28:49 Downloading update from https://github.com/obsidianmd/obsidian-releases/releases/download/v1.5.12/obsidian-1.5.12.asar.gz
2024-04-01 15:28:51 Verifying hash & signature. Size= 8781526
2024-04-01 15:28:51 Saving file
2024-04-01 15:28:51 Update complete.
2024-04-01 16:28:48 Checking for update using Github
2024-04-01 16:28:49 Success.
2024-04-01 16:28:49 Latest version is 1.5.12
2024-04-01 16:28:49 An update is already downloaded.
2024-04-01 17:28:49 Checking for update using Github
2024-04-01 17:28:49 Success.
2024-04-01 17:28:49 Latest version is 1.5.12
2024-04-01 17:28:49 An update is already downloaded.
2024-04-03 12:46:47 Loading updated app package /home/davinceyr/.config/obsidian/obsidian-1.5.12.asar
2024-04-03 12:46:48 Checking for update using Github
2024-04-03 12:46:48 Success.
2024-04-03 12:46:48 Latest version is 1.5.12
2024-04-03 12:46:48 App is up to date.
2024-04-03 13:46:48 Checking for update using Github
2024-04-03 13:46:48 Success.
2024-04-03 13:46:48 Latest version is 1.5.12
2024-04-03 13:46:48 App is up to date.
2024-04-03 13:48:25 Loading updated app package /home/davinceyr/.config/obsidian/obsidian-1.5.12.asar
2024-04-03 13:48:26 Checking for update using Github
2024-04-03 13:48:26 Success.
2024-04-03 13:48:26 Latest version is 1.5.12
2024-04-03 13:48:26 App is up to date.
2024-04-03 14:14:27 Loading updated app package /home/davinceyr/.config/obsidian/obsidian-1.5.12.asar
2024-04-03 14:14:27 Checking for update using Github
2024-04-03 14:14:27 Success.
2024-04-03 14:14:27 Latest version is 1.5.12
2024-04-03 14:14:27 App is up to date.
2024-04-04 13:11:05 Loading updated app package /home/davinceyr/.config/obsidian/obsidian-1.5.12.asar
2024-04-04 13:11:05 Checking for update using Github
2024-04-04 13:11:06 Success.
2024-04-04 13:11:06 Latest version is 1.5.12
2024-04-04 13:11:06 App is up to date.
2024-04-05 10:48:36 Loading updated app package /home/davinceyr/.config/obsidian/obsidian-1.5.12.asar
2024-04-05 10:48:36 Checking for update using Github
2024-04-05 10:48:36 Success.
2024-04-05 10:48:36 Latest version is 1.5.12
2024-04-05 10:48:36 App is up to date.
2024-04-05 10:49:19 Loading updated app package /home/davinceyr/.config/obsidian/obsidian-1.5.12.asar
2024-04-05 10:49:19 Checking for update using Github
2024-04-05 10:49:19 Success.
2024-04-05 10:49:19 Latest version is 1.5.12
2024-04-05 10:49:19 App is up to date.
2024-04-05 10:49:22 Loading updated app package /home/davinceyr/.config/obsidian/obsidian-1.5.12.asar
2024-04-05 10:49:22 Checking for update using Github
2024-04-05 10:49:23 Success.
2024-04-05 10:49:23 Latest version is 1.5.12
2024-04-05 10:49:23 App is up to date.
2024-04-07 15:11:29 Loading main app package /usr/lib/obsidian/obsidian.asar
2024-04-07 15:11:29 Checking for update using Github
2024-04-07 15:11:29 Success.
2024-04-07 15:11:29 Latest version is 1.5.12
2024-04-07 15:11:29 App is up to date.
2024-04-07 15:14:38 Loading main app package /usr/lib/obsidian/obsidian.asar
2024-04-07 15:14:38 Checking for update using Github
2024-04-07 15:14:38 Success.
2024-04-07 15:14:38 Latest version is 1.5.12
2024-04-07 15:14:38 App is up to date.
2024-04-16 23:48:12 Loading main app package /usr/lib/obsidian/obsidian.asar
2024-04-16 23:48:12 Checking for update using Github
2024-04-16 23:48:12 Success.
2024-04-16 23:48:12 Latest version is 1.5.12
2024-04-16 23:48:12 App is up to date.
2024-04-16 23:49:37 Loading main app package /usr/lib/obsidian/obsidian.asar
2024-04-16 23:49:37 Checking for update using Github
2024-04-16 23:49:37 Success.
2024-04-16 23:49:37 Latest version is 1.5.12
2024-04-16 23:49:37 App is up to date.
2024-04-19 14:01:54 Loading main app package /usr/lib/obsidian/obsidian.asar
2024-04-19 14:01:54 Checking for update using Github
2024-04-19 14:01:54 Success.
2024-04-19 14:01:54 Latest version is 1.5.12
2024-04-19 14:01:54 App is up to date.
2024-04-19 14:03:50 Loading main app package /usr/lib/obsidian/obsidian.asar
2024-04-19 14:03:50 Checking for update using Github
2024-04-19 14:03:50 Success.
2024-04-19 14:03:50 Latest version is 1.5.12
2024-04-19 14:03:50 App is up to date.
2024-04-19 17:26:31 Loading main app package /usr/lib/obsidian/obsidian.asar
2024-04-19 17:26:32 Checking for update using Github
2024-04-19 17:26:32 Success.
2024-04-19 17:26:32 Latest version is 1.5.12
2024-04-19 17:26:32 App is up to date.
2024-05-17 14:57:30 Loading main app package /usr/lib/obsidian/obsidian.asar
2024-05-17 14:57:30 Checking for update using Github
2024-05-17 14:57:38 Success.
2024-05-17 14:57:38 Latest version is 1.5.12
2024-05-17 14:57:38 App is up to date.
2024-05-17 15:00:16 Loading main app package /usr/lib/obsidian/obsidian.asar
2024-05-17 15:00:16 Checking for update using Github
2024-05-17 15:00:16 Success.
2024-05-17 15:00:16 Latest version is 1.5.12
2024-05-17 15:00:16 App is up to date.
2024-05-17 16:00:16 Checking for update using Github
2024-05-17 16:00:24 Success.
2024-05-17 16:00:24 Latest version is 1.5.12
2024-05-17 16:00:24 App is up to date.
2024-05-18 13:57:58 Loading main app package /usr/lib/obsidian/obsidian.asar
2024-05-18 13:57:58 Checking for update using Github
2024-05-18 13:58:06 Success.
2024-05-18 13:58:06 Latest version is 1.5.12
2024-05-18 13:58:06 App is up to date.
2024-05-18 14:18:04 Loading main app package /usr/lib/obsidian/obsidian.asar
2024-05-18 14:18:04 Checking for update using Github
2024-05-18 14:18:12 Success.
2024-05-18 14:18:12 Latest version is 1.5.12
2024-05-18 14:18:12 App is up to date.
2024-05-18 15:00:03 Loading main app package /usr/lib/obsidian/obsidian.asar
2024-05-18 15:00:03 Checking for update using Github
2024-05-18 15:00:12 Success.
2024-05-18 15:00:12 Latest version is 1.5.12
2024-05-18 15:00:12 App is up to date.
2024-05-18 23:39:58 Loading main app package /usr/lib/obsidian/obsidian.asar
2024-05-18 23:39:59 Checking for update using Github
2024-05-18 23:39:59 Success.
2024-05-18 23:39:59 Latest version is 1.5.12
2024-05-18 23:39:59 App is up to date.
2024-05-19 01:11:58 Loading main app package /usr/lib/obsidian/obsidian.asar
2024-05-19 01:11:59 Checking for update using Github
2024-05-19 01:11:59 Success.
2024-05-19 01:11:59 Latest version is 1.5.12
2024-05-19 01:11:59 App is up to date.
2024-05-19 13:14:52 Loading main app package /usr/lib/obsidian/obsidian.asar
2024-05-19 13:14:52 Checking for update using Github
2024-05-19 13:14:52 Success.
2024-05-19 13:14:52 Latest version is 1.5.12
2024-05-19 13:14:52 App is up to date.
2024-05-19 19:24:41 Loading main app package /usr/lib/obsidian/obsidian.asar
2024-05-19 19:24:41 Checking for update using Github
2024-05-19 19:24:41 Success.
2024-05-19 19:24:41 Latest version is 1.5.12
2024-05-19 19:24:41 App is up to date.
2024-05-19 20:24:41 Checking for update using Github
2024-05-19 20:24:41 Success.
2024-05-19 20:24:41 Latest version is 1.5.12
2024-05-19 20:24:41 App is up to date.
2024-05-20 10:54:46 Loading main app package /usr/lib/obsidian/obsidian.asar
2024-05-20 10:54:46 Checking for update using Github
2024-05-20 10:54:47 Success.
2024-05-20 10:54:47 Latest version is 1.5.12
2024-05-20 10:54:47 App is up to date.
2024-05-20 12:05:39 Loading main app package /usr/lib/obsidian/obsidian.asar
2024-05-20 12:05:39 Checking for update using Github
2024-05-20 12:05:47 Success.
2024-05-20 12:05:47 Latest version is 1.5.12
2024-05-20 12:05:47 App is up to date.
2024-05-20 13:05:39 Checking for update using Github
2024-05-20 13:05:47 Success.
2024-05-20 13:05:47 Latest version is 1.5.12
2024-05-20 13:05:47 App is up to date.
2024-05-22 15:28:40 Loading main app package /usr/lib/obsidian/obsidian.asar
2024-05-22 15:28:40 Checking for update using Github
2024-05-22 15:28:40 Success.
2024-05-22 15:28:40 Latest version is 1.5.12
2024-05-22 15:28:40 App is up to date.
2024-05-23 13:56:49 Loading main app package /usr/lib/obsidian/obsidian.asar
2024-05-23 13:56:49 Checking for update using Github
2024-05-23 13:56:49 Success.
2024-05-23 13:56:49 Latest version is 1.5.12
2024-05-23 13:56:49 App is up to date.
2024-05-23 14:47:09 Loading main app package /usr/lib/obsidian/obsidian.asar
2024-05-23 14:47:09 Checking for update using Github
2024-05-23 14:47:09 Success.
2024-05-23 14:47:09 Latest version is 1.5.12
2024-05-23 14:47:09 App is up to date.
2024-09-14 23:49:25 Loading main app package /usr/lib/obsidian/obsidian.asar
2024-09-14 23:49:25 Checking for update using Github
2024-09-14 23:49:25 Success.
2024-09-14 23:49:25 Latest version is 1.6.7
2024-09-14 23:49:25 App is up to date.
2024-09-30 10:03:25 Loading main app package /usr/lib/obsidian/obsidian.asar
2024-09-30 10:03:25 Checking for update using Github
2024-09-30 10:03:25 Failed to check for update using Github (net::ERR_INTERNET_DISCONNECTED)
2024-09-30 10:03:25 Checking for update using obsidian.md
2024-09-30 10:03:25 Failed to check for update using obsidian.md (net::ERR_INTERNET_DISCONNECTED)
2024-09-30 11:03:21 Checking for update using Github
2024-09-30 11:03:21 Success.
2024-09-30 11:03:21 Latest version is 1.6.7
2024-09-30 11:03:21 App is up to date.
2024-10-03 08:19:08 Loading main app package /usr/lib/obsidian/obsidian.asar
2024-10-03 08:19:09 Checking for update using Github
2024-10-03 08:19:09 Success.
2024-10-03 08:19:09 Latest version is 1.6.7
2024-10-03 08:19:09 App is up to date.
2024-10-03 08:22:30 Loading main app package /usr/lib/obsidian/obsidian.asar
2024-10-03 08:22:30 Checking for update using Github
2024-10-03 08:22:30 Success.
2024-10-03 08:22:30 Latest version is 1.6.7
2024-10-03 08:22:30 App is up to date.
2024-10-03 10:29:35 Loading main app package /usr/lib/obsidian/obsidian.asar
2024-10-03 10:29:35 Checking for update using Github
2024-10-03 10:29:35 Success.
2024-10-03 10:29:35 Latest version is 1.6.7
2024-10-03 10:29:35 App is up to date.
2024-10-03 11:03:20 Loading main app package /usr/lib/obsidian/obsidian.asar
2024-10-03 11:03:20 Checking for update using Github
2024-10-03 11:03:20 Success.
2024-10-03 11:03:20 Latest version is 1.6.7
2024-10-03 11:03:20 App is up to date.
2024-10-04 10:03:24 Loading main app package /usr/lib/obsidian/obsidian.asar
2024-10-04 10:03:24 Checking for update using Github
2024-10-04 10:03:24 Success.
2024-10-04 10:03:24 Latest version is 1.6.7
2024-10-04 10:03:24 App is up to date.
2024-10-04 11:03:24 Checking for update using Github
2024-10-04 11:03:24 Success.
2024-10-04 11:03:24 Latest version is 1.6.7
2024-10-04 11:03:24 App is up to date.
2024-10-07 11:30:02 Loading main app package /usr/lib/obsidian/obsidian.asar
2024-10-07 11:30:02 Checking for update using Github
2024-10-07 11:30:03 Success.
2024-10-07 11:30:03 Latest version is 1.6.7
2024-10-07 11:30:03 App is up to date.
2024-10-08 00:04:11 Loading main app package /usr/lib/obsidian/obsidian.asar
2024-10-08 00:04:11 Checking for update using Github
2024-10-08 00:04:31 Failed to check for update using Github (net::ERR_NAME_NOT_RESOLVED)
2024-10-08 00:04:31 Checking for update using obsidian.md
2024-10-08 00:04:51 Failed to check for update using obsidian.md (net::ERR_NAME_NOT_RESOLVED)
2024-10-11 10:06:23 Loading main app package /usr/lib/obsidian/obsidian.asar
2024-10-11 10:06:23 Checking for update using Github
2024-10-11 10:06:25 Success.
2024-10-11 10:06:25 Latest version is 1.6.7
2024-10-11 10:06:25 App is up to date.
2024-10-11 10:07:34 Loading main app package /usr/lib/obsidian/obsidian.asar
2024-10-11 10:07:35 Checking for update using Github
2024-10-11 10:07:35 Success.
2024-10-11 10:07:35 Latest version is 1.6.7
2024-10-11 10:07:35 App is up to date.
2024-10-11 10:47:49 Loading main app package /usr/lib/obsidian/obsidian.asar
2024-10-11 10:47:49 Checking for update using Github
2024-10-11 10:47:50 Success.
2024-10-11 10:47:50 Latest version is 1.6.7
2024-10-11 10:47:50 App is up to date.
2024-10-11 11:17:28 Loading main app package /usr/lib/obsidian/obsidian.asar
2024-10-11 11:17:28 Checking for update using Github
2024-10-11 11:17:28 Success.
2024-10-11 11:17:28 Latest version is 1.6.7
2024-10-11 11:17:28 App is up to date.
2024-10-24 07:25:11 Loading main app package /usr/lib/obsidian/obsidian.asar
2024-10-24 07:25:12 Checking for update using Github
2024-10-24 07:25:12 Failed to check for update using Github (net::ERR_INTERNET_DISCONNECTED)
2024-10-24 07:25:12 Checking for update using obsidian.md
2024-10-24 07:25:12 Failed to check for update using obsidian.md (net::ERR_INTERNET_DISCONNECTED)
2024-10-24 08:05:00 Loading main app package /usr/lib/obsidian/obsidian.asar
2024-10-24 08:05:00 Checking for update using Github
2024-10-24 08:05:00 Success.
2024-10-24 08:05:00 Latest version is 1.7.4
2024-10-24 08:05:00 Downloading update from https://github.com/obsidianmd/obsidian-releases/releases/download/v1.7.4/obsidian-1.7.4.asar.gz
2024-10-24 08:05:04 Verifying hash & signature. Size= 8056043
2024-10-24 08:05:04 Saving file
2024-10-24 08:05:04 Update complete.
2024-10-24 08:06:33 Loading updated app package /home/davinceyr/.config/obsidian/obsidian-1.7.4.asar
2024-10-24 08:06:34 Checking for update using Github
2024-10-24 08:06:34 Success.
2024-10-24 08:06:34 Latest version is 1.7.4
2024-10-24 08:06:34 App is up to date.
2024-10-24 08:26:10 Loading updated app package /home/davinceyr/.config/obsidian/obsidian-1.7.4.asar
2024-10-24 08:26:10 Checking for update using Github
2024-10-24 08:26:10 Success.
2024-10-24 08:26:10 Latest version is 1.7.4
2024-10-24 08:26:10 App is up to date.
2024-10-24 09:04:06 Loading updated app package /home/davinceyr/.config/obsidian/obsidian-1.7.4.asar
2024-10-24 09:04:07 Checking for update using Github
2024-10-24 09:04:07 Success.
2024-10-24 09:04:07 Latest version is 1.7.4
2024-10-24 09:04:07 App is up to date.
2024-10-24 10:25:26 Loading updated app package /home/davinceyr/.config/obsidian/obsidian-1.7.4.asar
2024-10-24 10:25:26 Checking for update using Github
2024-10-24 10:25:40 Success.
2024-10-24 10:25:40 Latest version is 1.7.4
2024-10-24 10:25:40 App is up to date.
2024-10-24 22:06:36 Loading updated app package /home/davinceyr/.config/obsidian/obsidian-1.7.4.asar
2024-10-24 22:06:37 Checking for update using Github
2024-10-24 22:06:37 Success.
2024-10-24 22:06:37 Latest version is 1.7.4
2024-10-24 22:06:37 App is up to date.
2024-10-24 22:21:35 Loading updated app package /home/davinceyr/.config/obsidian/obsidian-1.7.4.asar
2024-10-24 22:21:35 Checking for update using Github
2024-10-24 22:21:35 Success.
2024-10-24 22:21:35 Latest version is 1.7.4
2024-10-24 22:21:35 App is up to date.
2024-10-29 09:36:28 Loading updated app package /home/davinceyr/.config/obsidian/obsidian-1.7.4.asar
2024-10-29 09:36:28 Checking for update using Github
2024-10-29 09:36:28 Success.
2024-10-29 09:36:28 Latest version is 1.7.4
2024-10-29 09:36:28 App is up to date.
2024-10-29 09:52:52 Loading updated app package /home/davinceyr/.config/obsidian/obsidian-1.7.4.asar
2024-10-29 09:52:52 Checking for update using Github
2024-10-29 09:52:52 Success.
2024-10-29 09:52:52 Latest version is 1.7.4
2024-10-29 09:52:52 App is up to date.
2024-10-30 19:28:30 Loading updated app package /home/davinceyr/.config/obsidian/obsidian-1.7.4.asar
2024-10-30 19:28:30 Checking for update using Github
2024-10-30 19:28:30 Success.
2024-10-30 19:28:30 Latest version is 1.7.4
2024-10-30 19:28:30 App is up to date.
2024-10-31 09:34:24 Loading updated app package /home/davinceyr/.config/obsidian/obsidian-1.7.4.asar
2024-10-31 09:34:24 Checking for update using Github
2024-10-31 09:34:24 Success.
2024-10-31 09:34:24 Latest version is 1.7.4
2024-10-31 09:34:24 App is up to date.
2024-10-31 09:39:08 Loading updated app package /home/davinceyr/.config/obsidian/obsidian-1.7.4.asar
2024-10-31 09:39:08 Checking for update using Github
2024-10-31 09:39:08 Success.
2024-10-31 09:39:08 Latest version is 1.7.4
2024-10-31 09:39:08 App is up to date.
2024-10-31 09:45:29 Loading updated app package /home/davinceyr/.config/obsidian/obsidian-1.7.4.asar
2024-10-31 09:45:30 Checking for update using Github
2024-10-31 09:45:30 Success.
2024-10-31 09:45:30 Latest version is 1.7.4
2024-10-31 09:45:30 App is up to date.
2024-11-06 15:00:48 Loading updated app package /home/davinceyr/.config/obsidian/obsidian-1.7.4.asar
2024-11-06 15:00:48 Checking for update using Github
2024-11-06 15:00:48 Success.
2024-11-06 15:00:48 Latest version is 1.7.5
2024-11-06 15:00:48 Downloading update from https://github.com/obsidianmd/obsidian-releases/releases/download/v1.7.5/obsidian-1.7.5.asar.gz
2024-11-06 15:00:49 Verifying hash & signature. Size= 8056498
2024-11-06 15:00:49 Saving file
2024-11-06 15:00:50 Update complete.
2024-11-06 16:00:48 Checking for update using Github
2024-11-06 16:00:48 Success.
2024-11-06 16:00:48 Latest version is 1.7.5
2024-11-06 16:00:48 An update is already downloaded.
2024-11-09 14:37:39 Loading updated app package /home/davinceyr/.config/obsidian/obsidian-1.7.5.asar
2024-11-09 14:37:39 Checking for update using Github
2024-11-09 14:37:39 Success.
2024-11-09 14:37:39 Latest version is 1.7.5
2024-11-09 14:37:39 App is up to date.
2024-11-09 15:48:53 Loading updated app package /home/davinceyr/.config/obsidian/obsidian-1.7.5.asar
2024-11-09 15:48:53 Checking for update using Github
2024-11-09 15:48:53 Success.
2024-11-09 15:48:53 Latest version is 1.7.5
2024-11-09 15:48:53 App is up to date.
2024-11-09 16:14:28 Loading updated app package /home/davinceyr/.config/obsidian/obsidian-1.7.5.asar
2024-11-09 16:14:28 Checking for update using Github
2024-11-09 16:14:29 Success.
2024-11-09 16:14:29 Latest version is 1.7.5
2024-11-09 16:14:29 App is up to date.
2024-11-09 16:23:08 Loading main app package /usr/lib/obsidian/obsidian.asar
2024-11-09 16:23:08 Checking for update using Github
2024-11-09 16:23:09 Success.
2024-11-09 16:23:09 Latest version is 1.7.5
2024-11-09 16:23:09 App is up to date.
2024-11-09 17:23:08 Checking for update using Github
2024-11-09 17:23:08 Success.
2024-11-09 17:23:08 Latest version is 1.7.5
2024-11-09 17:23:08 App is up to date.
2024-11-10 17:28:30 Loading main app package /usr/lib/obsidian/obsidian.asar
2024-11-10 17:28:30 Checking for update using Github
2024-11-10 17:28:31 Success.
2024-11-10 17:28:31 Latest version is 1.7.5
2024-11-10 17:28:31 App is up to date.
2024-11-11 15:54:59 Loading main app package /usr/lib/obsidian/obsidian.asar
2024-11-11 15:54:59 Checking for update using Github
2024-11-11 15:54:59 Success.
2024-11-11 15:54:59 Latest version is 1.7.5
2024-11-11 15:54:59 App is up to date.
2024-11-11 16:54:59 Checking for update using Github
2024-11-11 16:54:59 Success.
2024-11-11 16:54:59 Latest version is 1.7.5
2024-11-11 16:54:59 App is up to date.
2024-11-13 09:51:25 Loading main app package /usr/lib/obsidian/obsidian.asar
2024-11-13 09:51:25 Checking for update using Github
2024-11-13 09:51:25 Success.
2024-11-13 09:51:25 Latest version is 1.7.6
2024-11-13 09:51:25 Downloading update from https://github.com/obsidianmd/obsidian-releases/releases/download/v1.7.6/obsidian-1.7.6.asar.gz
2024-11-13 09:51:26 Verifying hash & signature. Size= 8000010
2024-11-13 09:51:26 Saving file
2024-11-13 09:51:26 Update complete.
2024-11-13 09:51:32 Loading updated app package /home/davinceyr/.config/obsidian/obsidian-1.7.6.asar
2024-11-13 09:51:32 Checking for update using Github
2024-11-13 09:51:32 Success.
2024-11-13 09:51:32 Latest version is 1.7.6
2024-11-13 09:51:32 App is up to date.
2024-11-13 10:51:32 Checking for update using Github
2024-11-13 10:51:32 Success.
2024-11-13 10:51:32 Latest version is 1.7.6
2024-11-13 10:51:32 App is up to date.
2024-11-13 11:51:32 Checking for update using Github
2024-11-13 11:51:32 Success.
2024-11-13 11:51:32 Latest version is 1.7.6
2024-11-13 11:51:32 App is up to date.
2024-11-17 21:05:36 Loading main app package /usr/lib/obsidian/obsidian.asar
2024-11-17 21:05:36 Checking for update using Github
2024-11-17 21:05:36 Success.
2024-11-17 21:05:36 Latest version is 1.7.6
2024-11-17 21:05:36 App is up to date.
2024-11-17 21:37:28 Loading main app package /usr/lib/obsidian/obsidian.asar
2024-11-17 21:37:28 Checking for update using Github
2024-11-17 21:37:28 Success.
2024-11-17 21:37:28 Latest version is 1.7.6
2024-11-17 21:37:28 App is up to date.
2024-11-19 17:58:29 Loading main app package /usr/lib/obsidian/obsidian.asar
2024-11-19 17:58:29 Checking for update using Github
2024-11-19 17:58:29 Success.
2024-11-19 17:58:29 Latest version is 1.7.7
2024-11-19 17:58:29 Downloading update from https://github.com/obsidianmd/obsidian-releases/releases/download/v1.7.7/obsidian-1.7.7.asar.gz
2024-11-19 17:58:34 Verifying hash & signature. Size= 8000009
2024-11-19 17:58:34 Saving file
2024-11-19 17:58:34 Update complete.
2024-11-20 13:10:02 Loading updated app package /home/davinceyr/.config/obsidian/obsidian-1.7.7.asar
2024-11-20 13:10:02 Checking for update using Github
2024-11-20 13:10:02 Success.
2024-11-20 13:10:02 Latest version is 1.7.7
2024-11-20 13:10:02 App is up to date.
2024-11-20 16:54:35 Loading updated app package /home/davinceyr/.config/obsidian/obsidian-1.7.7.asar
2024-11-20 16:54:35 Checking for update using Github
2024-11-20 16:54:36 Success.
2024-11-20 16:54:36 Latest version is 1.7.7
2024-11-20 16:54:36 App is up to date.
2024-11-20 16:59:59 Loading updated app package /home/davinceyr/.config/obsidian/obsidian-1.7.7.asar
2024-11-20 17:00:00 Checking for update using Github
2024-11-20 17:00:00 Success.
2024-11-20 17:00:00 Latest version is 1.7.7
2024-11-20 17:00:00 App is up to date.
2024-11-22 13:30:17 Loading updated app package /home/davinceyr/.config/obsidian/obsidian-1.7.7.asar
2024-11-22 13:30:17 Checking for update using Github
2024-11-22 13:30:17 Success.
2024-11-22 13:30:17 Latest version is 1.7.7
2024-11-22 13:30:17 App is up to date.
2024-11-22 14:15:50 Loading updated app package /home/davinceyr/.config/obsidian/obsidian-1.7.7.asar
2024-11-22 14:15:50 Checking for update using Github
2024-11-22 14:15:51 Success.
2024-11-22 14:15:51 Latest version is 1.7.7
2024-11-22 14:15:51 App is up to date.
2024-11-22 17:38:59 Loading updated app package /home/davinceyr/.config/obsidian/obsidian-1.7.7.asar
2024-11-22 17:38:59 Checking for update using Github
2024-11-22 17:38:59 Success.
2024-11-22 17:38:59 Latest version is 1.7.7
2024-11-22 17:38:59 App is up to date.
2024-11-24 14:04:16 Loading updated app package /home/davinceyr/.config/obsidian/obsidian-1.7.7.asar
2024-11-24 14:04:17 Checking for update using Github
2024-11-24 14:04:17 Success.
2024-11-24 14:04:17 Latest version is 1.7.7
2024-11-24 14:04:17 App is up to date.
2024-11-29 11:07:37 Loading main app package /usr/lib/obsidian/obsidian.asar
2024-11-29 11:07:38 Checking for update using Github
2024-11-29 11:07:38 Success.
2024-11-29 11:07:38 Latest version is 1.7.7
2024-11-29 11:07:38 App is up to date.
